# JRE version: OpenJDK Runtime Environment Temurin-21.0.8+9 (21.0.8+9) (build 21.0.8+9-LTS)
# Java VM: OpenJDK 64-Bit Server VM Temurin-21.0.8+9 (21.0.8+9-LTS, mixed mode, sharing, tiered, compressed oops, compressed class ptrs, parallel gc, windows-amd64)
GC Precious Log:
 CardTable entry size: 512
 CPUs: 4 total, 4 available
 Memory: 3885M
 Large Page Support: Disabled
 NUMA Support: Disabled
 Compressed Oops: Enabled (32-bit)
 Alignments: Space 512K, Generation 512K, Heap 2M
 Heap Min Capacity: 100M
 Heap Initial Capacity: 100M
 Heap Max Capacity: 2G
 Pre-touch: Disabled
 Parallel Workers: 4
Heap:
 PSYoungGen      total 6144K, used 2765K [0x00000000d5580000, 0x00000000d5e00000, 0x0000000100000000)
  eden space 3584K, 19% used [0x00000000d5580000,0x00000000d562f508,0x00000000d5900000)
  from space 2560K, 80% used [0x00000000d5900000,0x00000000d5b04000,0x00000000d5b80000)
  to   space 2560K, 0% used [0x00000000d5b80000,0x00000000d5b80000,0x00000000d5e00000)
 ParOldGen       total 1007616K, used 387213K [0x0000000080000000, 0x00000000bd800000, 0x00000000d5580000)
  object space 1007616K, 38% used [0x0000000080000000,0x0000000097a23400,0x00000000bd800000)
 Metaspace       used 80724K, committed 82368K, reserved 1179648K
  class space    used 8336K, committed 9088K, reserved 1048576K
GC Heap History (20 events):
Event: 1976.384 GC heap before
{Heap before GC invocations=1126 (full 4):
 PSYoungGen      total 9728K, used 9504K [0x00000000d5580000, 0x00000000d6280000, 0x0000000100000000)
  eden space 6144K, 100% used [0x00000000d5580000,0x00000000d5b80000,0x00000000d5b80000)
  from space 3584K, 93% used [0x00000000d5b80000,0x00000000d5ec8010,0x00000000d5f00000)
  to   space 3584K, 0% used [0x00000000d5f00000,0x00000000d5f00000,0x00000000d6280000)
 ParOldGen       total 1007616K, used 364896K [0x0000000080000000, 0x00000000bd800000, 0x00000000d5580000)
  object space 1007616K, 36% used [0x0000000080000000,0x00000000964582f0,0x00000000bd800000)
 Metaspace       used 80640K, committed 82304K, reserved 1179648K
  class space    used 8332K, committed 9088K, reserved 1048576K
}
Event: 1976.753 GC heap after
{Heap after GC invocations=1126 (full 4):
 PSYoungGen      total 6656K, used 192K [0x00000000d5580000, 0x00000000d5f80000, 0x0000000100000000)
  eden space 6144K, 0% used [0x00000000d5580000,0x00000000d5580000,0x00000000d5b80000)
  from space 512K, 37% used [0x00000000d5f00000,0x00000000d5f30000,0x00000000d5f80000)
  to   space 1536K, 0% used [0x00000000d5c80000,0x00000000d5c80000,0x00000000d5e00000)
 ParOldGen       total 1007616K, used 367974K [0x0000000080000000, 0x00000000bd800000, 0x00000000d5580000)
  object space 1007616K, 36% used [0x0000000080000000,0x0000000096759848,0x00000000bd800000)
 Metaspace       used 80640K, committed 82304K, reserved 1179648K
  class space    used 8332K, committed 9088K, reserved 1048576K
}
Event: 1978.832 GC heap before
{Heap before GC invocations=1127 (full 4):
 PSYoungGen      total 6656K, used 6335K [0x00000000d5580000, 0x00000000d5f80000, 0x0000000100000000)
  eden space 6144K, 99% used [0x00000000d5580000,0x00000000d5b7fff0,0x00000000d5b80000)
  from space 512K, 37% used [0x00000000d5f00000,0x00000000d5f30000,0x00000000d5f80000)
  to   space 1536K, 0% used [0x00000000d5c80000,0x00000000d5c80000,0x00000000d5e00000)
 ParOldGen       total 1007616K, used 367974K [0x0000000080000000, 0x00000000bd800000, 0x00000000d5580000)
  object space 1007616K, 36% used [0x0000000080000000,0x0000000096759848,0x00000000bd800000)
 Metaspace       used 80653K, committed 82304K, reserved 1179648K
  class space    used 8333K, committed 9088K, reserved 1048576K
}
Event: 1978.842 GC heap after
{Heap after GC invocations=1127 (full 4):
 PSYoungGen      total 7680K, used 128K [0x00000000d5580000, 0x00000000d5f80000, 0x0000000100000000)
  eden space 6144K, 0% used [0x00000000d5580000,0x00000000d5580000,0x00000000d5b80000)
  from space 1536K, 8% used [0x00000000d5c80000,0x00000000d5ca0000,0x00000000d5e00000)
  to   space 512K, 0% used [0x00000000d5f00000,0x00000000d5f00000,0x00000000d5f80000)
 ParOldGen       total 1007616K, used 367998K [0x0000000080000000, 0x00000000bd800000, 0x00000000d5580000)
  object space 1007616K, 36% used [0x0000000080000000,0x000000009675f848,0x00000000bd800000)
 Metaspace       used 80653K, committed 82304K, reserved 1179648K
  class space    used 8333K, committed 9088K, reserved 1048576K
}
Event: 1979.824 GC heap before
{Heap before GC invocations=1128 (full 4):
 PSYoungGen      total 7680K, used 6272K [0x00000000d5580000, 0x00000000d5f80000, 0x0000000100000000)
  eden space 6144K, 100% used [0x00000000d5580000,0x00000000d5b80000,0x00000000d5b80000)
  from space 1536K, 8% used [0x00000000d5c80000,0x00000000d5ca0000,0x00000000d5e00000)
  to   space 512K, 0% used [0x00000000d5f00000,0x00000000d5f00000,0x00000000d5f80000)
 ParOldGen       total 1007616K, used 367998K [0x0000000080000000, 0x00000000bd800000, 0x00000000d5580000)
  object space 1007616K, 36% used [0x0000000080000000,0x000000009675f848,0x00000000bd800000)
 Metaspace       used 80653K, committed 82304K, reserved 1179648K
  class space    used 8333K, committed 9088K, reserved 1048576K
}
Event: 1979.857 GC heap after
{Heap after GC invocations=1128 (full 4):
 PSYoungGen      total 6144K, used 512K [0x00000000d5580000, 0x00000000d6380000, 0x0000000100000000)
  eden space 5632K, 0% used [0x00000000d5580000,0x00000000d5580000,0x00000000d5b00000)
  from space 512K, 100% used [0x00000000d5f00000,0x00000000d5f80000,0x00000000d5f80000)
  to   space 4096K, 0% used [0x00000000d5b00000,0x00000000d5b00000,0x00000000d5f00000)
 ParOldGen       total 1007616K, used 370582K [0x0000000080000000, 0x00000000bd800000, 0x00000000d5580000)
  object space 1007616K, 36% used [0x0000000080000000,0x00000000969e5a28,0x00000000bd800000)
 Metaspace       used 80653K, committed 82304K, reserved 1179648K
  class space    used 8333K, committed 9088K, reserved 1048576K
}
Event: 1979.976 GC heap before
{Heap before GC invocations=1129 (full 4):
 PSYoungGen      total 6144K, used 6144K [0x00000000d5580000, 0x00000000d6380000, 0x0000000100000000)
  eden space 5632K, 100% used [0x00000000d5580000,0x00000000d5b00000,0x00000000d5b00000)
  from space 512K, 100% used [0x00000000d5f00000,0x00000000d5f80000,0x00000000d5f80000)
  to   space 4096K, 0% used [0x00000000d5b00000,0x00000000d5b00000,0x00000000d5f00000)
 ParOldGen       total 1007616K, used 370582K [0x0000000080000000, 0x00000000bd800000, 0x00000000d5580000)
  object space 1007616K, 36% used [0x0000000080000000,0x00000000969e5a28,0x00000000bd800000)
 Metaspace       used 80654K, committed 82304K, reserved 1179648K
  class space    used 8333K, committed 9088K, reserved 1048576K
}
Event: 1979.989 GC heap after
{Heap after GC invocations=1129 (full 4):
 PSYoungGen      total 9728K, used 3430K [0x00000000d5580000, 0x00000000d6300000, 0x0000000100000000)
  eden space 5632K, 0% used [0x00000000d5580000,0x00000000d5580000,0x00000000d5b00000)
  from space 4096K, 83% used [0x00000000d5b00000,0x00000000d5e59a20,0x00000000d5f00000)
  to   space 4096K, 0% used [0x00000000d5f00000,0x00000000d5f00000,0x00000000d6300000)
 ParOldGen       total 1007616K, used 371100K [0x0000000080000000, 0x00000000bd800000, 0x00000000d5580000)
  object space 1007616K, 36% used [0x0000000080000000,0x0000000096a67090,0x00000000bd800000)
 Metaspace       used 80654K, committed 82304K, reserved 1179648K
  class space    used 8333K, committed 9088K, reserved 1048576K
}
Event: 1980.959 GC heap before
{Heap before GC invocations=1130 (full 4):
 PSYoungGen      total 9728K, used 9062K [0x00000000d5580000, 0x00000000d6300000, 0x0000000100000000)
  eden space 5632K, 100% used [0x00000000d5580000,0x00000000d5b00000,0x00000000d5b00000)
  from space 4096K, 83% used [0x00000000d5b00000,0x00000000d5e59a20,0x00000000d5f00000)
  to   space 4096K, 0% used [0x00000000d5f00000,0x00000000d5f00000,0x00000000d6300000)
 ParOldGen       total 1007616K, used 371100K [0x0000000080000000, 0x00000000bd800000, 0x00000000d5580000)
  object space 1007616K, 36% used [0x0000000080000000,0x0000000096a67090,0x00000000bd800000)
 Metaspace       used 80669K, committed 82304K, reserved 1179648K
  class space    used 8333K, committed 9088K, reserved 1048576K
}
Event: 1981.007 GC heap after
{Heap after GC invocations=1130 (full 4):
 PSYoungGen      total 9728K, used 3776K [0x00000000d5580000, 0x00000000d6300000, 0x0000000100000000)
  eden space 5632K, 0% used [0x00000000d5580000,0x00000000d5580000,0x00000000d5b00000)
  from space 4096K, 92% used [0x00000000d5f00000,0x00000000d62b0010,0x00000000d6300000)
  to   space 4096K, 0% used [0x00000000d5b00000,0x00000000d5b00000,0x00000000d5f00000)
 ParOldGen       total 1007616K, used 374506K [0x0000000080000000, 0x00000000bd800000, 0x00000000d5580000)
  object space 1007616K, 37% used [0x0000000080000000,0x0000000096dbaab0,0x00000000bd800000)
 Metaspace       used 80669K, committed 82304K, reserved 1179648K
  class space    used 8333K, committed 9088K, reserved 1048576K
}
Event: 1990.244 GC heap before
{Heap before GC invocations=1131 (full 4):
 PSYoungGen      total 9728K, used 9406K [0x00000000d5580000, 0x00000000d6300000, 0x0000000100000000)
  eden space 5632K, 99% used [0x00000000d5580000,0x00000000d5affb30,0x00000000d5b00000)
  from space 4096K, 92% used [0x00000000d5f00000,0x00000000d62b0010,0x00000000d6300000)
  to   space 4096K, 0% used [0x00000000d5b00000,0x00000000d5b00000,0x00000000d5f00000)
 ParOldGen       total 1007616K, used 374506K [0x0000000080000000, 0x00000000bd800000, 0x00000000d5580000)
  object space 1007616K, 37% used [0x0000000080000000,0x0000000096dbaab0,0x00000000bd800000)
 Metaspace       used 80680K, committed 82304K, reserved 1179648K
  class space    used 8333K, committed 9088K, reserved 1048576K
}
Event: 1990.267 GC heap after
{Heap after GC invocations=1131 (full 4):
 PSYoungGen      total 6144K, used 96K [0x00000000d5580000, 0x00000000d5f80000, 0x0000000100000000)
  eden space 5632K, 0% used [0x00000000d5580000,0x00000000d5580000,0x00000000d5b00000)
  from space 512K, 18% used [0x00000000d5b00000,0x00000000d5b18000,0x00000000d5b80000)
  to   space 1536K, 0% used [0x00000000d5e00000,0x00000000d5e00000,0x00000000d5f80000)
 ParOldGen       total 1007616K, used 377946K [0x0000000080000000, 0x00000000bd800000, 0x00000000d5580000)
  object space 1007616K, 37% used [0x0000000080000000,0x0000000097116ab0,0x00000000bd800000)
 Metaspace       used 80680K, committed 82304K, reserved 1179648K
  class space    used 8333K, committed 9088K, reserved 1048576K
}
Event: 2071.749 GC heap before
{Heap before GC invocations=1132 (full 4):
 PSYoungGen      total 6144K, used 5728K [0x00000000d5580000, 0x00000000d5f80000, 0x0000000100000000)
  eden space 5632K, 100% used [0x00000000d5580000,0x00000000d5b00000,0x00000000d5b00000)
  from space 512K, 18% used [0x00000000d5b00000,0x00000000d5b18000,0x00000000d5b80000)
  to   space 1536K, 0% used [0x00000000d5e00000,0x00000000d5e00000,0x00000000d5f80000)
 ParOldGen       total 1007616K, used 377946K [0x0000000080000000, 0x00000000bd800000, 0x00000000d5580000)
  object space 1007616K, 37% used [0x0000000080000000,0x0000000097116ab0,0x00000000bd800000)
 Metaspace       used 80706K, committed 82368K, reserved 1179648K
  class space    used 8336K, committed 9088K, reserved 1048576K
}
Event: 2071.774 GC heap after
{Heap after GC invocations=1132 (full 4):
 PSYoungGen      total 5120K, used 1513K [0x00000000d5580000, 0x00000000d6500000, 0x0000000100000000)
  eden space 3584K, 0% used [0x00000000d5580000,0x00000000d5580000,0x00000000d5900000)
  from space 1536K, 98% used [0x00000000d5e00000,0x00000000d5f7a790,0x00000000d5f80000)
  to   space 5120K, 0% used [0x00000000d5900000,0x00000000d5900000,0x00000000d5e00000)
 ParOldGen       total 1007616K, used 380434K [0x0000000080000000, 0x00000000bd800000, 0x00000000d5580000)
  object space 1007616K, 37% used [0x0000000080000000,0x0000000097384ab0,0x00000000bd800000)
 Metaspace       used 80706K, committed 82368K, reserved 1179648K
  class space    used 8336K, committed 9088K, reserved 1048576K
}
Event: 2071.788 GC heap before
{Heap before GC invocations=1133 (full 4):
 PSYoungGen      total 5120K, used 4972K [0x00000000d5580000, 0x00000000d6500000, 0x0000000100000000)
  eden space 3584K, 96% used [0x00000000d5580000,0x00000000d58e0918,0x00000000d5900000)
  from space 1536K, 98% used [0x00000000d5e00000,0x00000000d5f7a790,0x00000000d5f80000)
  to   space 5120K, 0% used [0x00000000d5900000,0x00000000d5900000,0x00000000d5e00000)
 ParOldGen       total 1007616K, used 380434K [0x0000000080000000, 0x00000000bd800000, 0x00000000d5580000)
  object space 1007616K, 37% used [0x0000000080000000,0x0000000097384ab0,0x00000000bd800000)
 Metaspace       used 80707K, committed 82368K, reserved 1179648K
  class space    used 8336K, committed 9088K, reserved 1048576K
}
Event: 2071.801 GC heap after
{Heap after GC invocations=1133 (full 4):
 PSYoungGen      total 6144K, used 2560K [0x00000000d5580000, 0x00000000d5f00000, 0x0000000100000000)
  eden space 3584K, 0% used [0x00000000d5580000,0x00000000d5580000,0x00000000d5900000)
  from space 2560K, 100% used [0x00000000d5900000,0x00000000d5b80000,0x00000000d5b80000)
  to   space 3072K, 0% used [0x00000000d5c00000,0x00000000d5c00000,0x00000000d5f00000)
 ParOldGen       total 1007616K, used 382462K [0x0000000080000000, 0x00000000bd800000, 0x00000000d5580000)
  object space 1007616K, 37% used [0x0000000080000000,0x000000009757f9e0,0x00000000bd800000)
 Metaspace       used 80707K, committed 82368K, reserved 1179648K
  class space    used 8336K, committed 9088K, reserved 1048576K
}
Event: 2071.837 GC heap before
{Heap before GC invocations=1134 (full 4):
 PSYoungGen      total 6144K, used 6144K [0x00000000d5580000, 0x00000000d5f00000, 0x0000000100000000)
  eden space 3584K, 100% used [0x00000000d5580000,0x00000000d5900000,0x00000000d5900000)
  from space 2560K, 100% used [0x00000000d5900000,0x00000000d5b80000,0x00000000d5b80000)
  to   space 3072K, 0% used [0x00000000d5c00000,0x00000000d5c00000,0x00000000d5f00000)
 ParOldGen       total 1007616K, used 382462K [0x0000000080000000, 0x00000000bd800000, 0x00000000d5580000)
  object space 1007616K, 37% used [0x0000000080000000,0x000000009757f9e0,0x00000000bd800000)
 Metaspace       used 80707K, committed 82368K, reserved 1179648K
  class space    used 8336K, committed 9088K, reserved 1048576K
}
Event: 2071.848 GC heap after
{Heap after GC invocations=1134 (full 4):
 PSYoungGen      total 6656K, used 2582K [0x00000000d5580000, 0x00000000d5f00000, 0x0000000100000000)
  eden space 3584K, 0% used [0x00000000d5580000,0x00000000d5580000,0x00000000d5900000)
  from space 3072K, 84% used [0x00000000d5c00000,0x00000000d5e85a20,0x00000000d5f00000)
  to   space 3072K, 0% used [0x00000000d5900000,0x00000000d5900000,0x00000000d5c00000)
 ParOldGen       total 1007616K, used 384662K [0x0000000080000000, 0x00000000bd800000, 0x00000000d5580000)
  object space 1007616K, 38% used [0x0000000080000000,0x00000000977a59e0,0x00000000bd800000)
 Metaspace       used 80707K, committed 82368K, reserved 1179648K
  class space    used 8336K, committed 9088K, reserved 1048576K
}
Event: 2072.140 GC heap before
{Heap before GC invocations=1135 (full 4):
 PSYoungGen      total 6656K, used 6166K [0x00000000d5580000, 0x00000000d5f00000, 0x0000000100000000)
  eden space 3584K, 100% used [0x00000000d5580000,0x00000000d5900000,0x00000000d5900000)
  from space 3072K, 84% used [0x00000000d5c00000,0x00000000d5e85a20,0x00000000d5f00000)
  to   space 3072K, 0% used [0x00000000d5900000,0x00000000d5900000,0x00000000d5c00000)
 ParOldGen       total 1007616K, used 384662K [0x0000000080000000, 0x00000000bd800000, 0x00000000d5580000)
  object space 1007616K, 38% used [0x0000000080000000,0x00000000977a59e0,0x00000000bd800000)
 Metaspace       used 80708K, committed 82368K, reserved 1179648K
  class space    used 8336K, committed 9088K, reserved 1048576K
}
Event: 2072.158 GC heap after
{Heap after GC invocations=1135 (full 4):
 PSYoungGen      total 6144K, used 2064K [0x00000000d5580000, 0x00000000d5e00000, 0x0000000100000000)
  eden space 3584K, 0% used [0x00000000d5580000,0x00000000d5580000,0x00000000d5900000)
  from space 2560K, 80% used [0x00000000d5900000,0x00000000d5b04000,0x00000000d5b80000)
  to   space 2560K, 0% used [0x00000000d5b80000,0x00000000d5b80000,0x00000000d5e00000)
 ParOldGen       total 1007616K, used 387213K [0x0000000080000000, 0x00000000bd800000, 0x00000000d5580000)
  object space 1007616K, 38% used [0x0000000080000000,0x0000000097a23400,0x00000000bd800000)
 Metaspace       used 80708K, committed 82368K, reserved 1179648K
  class space    used 8336K, committed 9088K, reserved 1048576K
}

